# JRE version: OpenJDK Runtime Environment (21.0.5) (build 21.0.5+-13047016-b750.29)
# Java VM: OpenJDK 64-Bit Server VM (21.0.5+-13047016-b750.29, mixed mode, tiered, compressed oops, compressed class ptrs, g1 gc, windows-amd64)
GC Precious Log:
 CardTable entry size: 512
 Card Set container configuration: InlinePtr #cards 5 size 8 Array Of Cards #cards 12 size 40 Howl #buckets 4 coarsen threshold 1843 Howl Bitmap #cards 512 size 80 coarsen threshold 460 Card regions per heap region 1 cards per card region 2048
 CPUs: 12 total, 12 available
 Memory: 7514M
 Large Page Support: Disabled
 NUMA Support: Disabled
 Compressed Oops: Enabled (32-bit)
 Heap Region Size: 1M
 Heap Min Capacity: 8M
 Heap Initial Capacity: 118M
 Heap Max Capacity: 1880M
 Pre-touch: Disabled
 Parallel Workers: 10
 Concurrent Workers: 3
 Concurrent Refinement Workers: 10
 Periodic GC: Disabled
Heap:
 garbage-first heap   total 78848K, used 53167K [0x000000008a800000, 0x0000000100000000)
  region size 1024K, 2 young (2048K), 2 survivors (2048K)
 Metaspace       used 50570K, committed 50880K, reserved 1114112K
  class space    used 5833K, committed 5952K, reserved 1048576K
GC Heap History (20 events):
Event: 2.820 GC heap after
{Heap after GC invocations=11 (full 0):
 garbage-first heap   total 45056K, used 19512K [0x000000008a800000, 0x0000000100000000)
  region size 1024K, 3 young (3072K), 3 survivors (3072K)
 Metaspace       used 43304K, committed 43520K, reserved 1114112K
  class space    used 5058K, committed 5184K, reserved 1048576K
}
Event: 3.122 GC heap before
{Heap before GC invocations=11 (full 0):
 garbage-first heap   total 45056K, used 37944K [0x000000008a800000, 0x0000000100000000)
  region size 1024K, 21 young (21504K), 3 survivors (3072K)
 Metaspace       used 44877K, committed 45120K, reserved 1114112K
  class space    used 5193K, committed 5312K, reserved 1048576K
}
Event: 3.133 GC heap after
{Heap after GC invocations=12 (full 0):
 garbage-first heap   total 46080K, used 24548K [0x000000008a800000, 0x0000000100000000)
  region size 1024K, 3 young (3072K), 3 survivors (3072K)
 Metaspace       used 44877K, committed 45120K, reserved 1114112K
  class space    used 5193K, committed 5312K, reserved 1048576K
}
Event: 3.250 GC heap before
{Heap before GC invocations=12 (full 0):
 garbage-first heap   total 46080K, used 31716K [0x000000008a800000, 0x0000000100000000)
  region size 1024K, 11 young (11264K), 3 survivors (3072K)
 Metaspace       used 45622K, committed 45888K, reserved 1114112K
  class space    used 5257K, committed 5376K, reserved 1048576K
}
Event: 3.257 GC heap after
{Heap after GC invocations=13 (full 0):
 garbage-first heap   total 46080K, used 26669K [0x000000008a800000, 0x0000000100000000)
  region size 1024K, 2 young (2048K), 2 survivors (2048K)
 Metaspace       used 45622K, committed 45888K, reserved 1114112K
  class space    used 5257K, committed 5376K, reserved 1048576K
}
Event: 3.439 GC heap before
{Heap before GC invocations=14 (full 0):
 garbage-first heap   total 46080K, used 37933K [0x000000008a800000, 0x0000000100000000)
  region size 1024K, 13 young (13312K), 2 survivors (2048K)
 Metaspace       used 47365K, committed 47680K, reserved 1114112K
  class space    used 5481K, committed 5632K, reserved 1048576K
}
Event: 3.442 GC heap after
{Heap after GC invocations=15 (full 0):
 garbage-first heap   total 46080K, used 28341K [0x000000008a800000, 0x0000000100000000)
  region size 1024K, 2 young (2048K), 2 survivors (2048K)
 Metaspace       used 47365K, committed 47680K, reserved 1114112K
  class space    used 5481K, committed 5632K, reserved 1048576K
}
Event: 3.593 GC heap before
{Heap before GC invocations=15 (full 0):
 garbage-first heap   total 46080K, used 38581K [0x000000008a800000, 0x0000000100000000)
  region size 1024K, 13 young (13312K), 2 survivors (2048K)
 Metaspace       used 48691K, committed 48960K, reserved 1114112K
  class space    used 5620K, committed 5760K, reserved 1048576K
}
Event: 3.599 GC heap after
{Heap after GC invocations=16 (full 0):
 garbage-first heap   total 56320K, used 30233K [0x000000008a800000, 0x0000000100000000)
  region size 1024K, 2 young (2048K), 2 survivors (2048K)
 Metaspace       used 48691K, committed 48960K, reserved 1114112K
  class space    used 5620K, committed 5760K, reserved 1048576K
}
Event: 3.799 GC heap before
{Heap before GC invocations=16 (full 0):
 garbage-first heap   total 56320K, used 45593K [0x000000008a800000, 0x0000000100000000)
  region size 1024K, 18 young (18432K), 2 survivors (2048K)
 Metaspace       used 49225K, committed 49472K, reserved 1114112K
  class space    used 5661K, committed 5760K, reserved 1048576K
}
Event: 3.806 GC heap after
{Heap after GC invocations=17 (full 0):
 garbage-first heap   total 56320K, used 35116K [0x000000008a800000, 0x0000000100000000)
  region size 1024K, 3 young (3072K), 3 survivors (3072K)
 Metaspace       used 49225K, committed 49472K, reserved 1114112K
  class space    used 5661K, committed 5760K, reserved 1048576K
}
Event: 3.917 GC heap before
{Heap before GC invocations=18 (full 0):
 garbage-first heap   total 60416K, used 48428K [0x000000008a800000, 0x0000000100000000)
  region size 1024K, 15 young (15360K), 3 survivors (3072K)
 Metaspace       used 49474K, committed 49792K, reserved 1114112K
  class space    used 5697K, committed 5824K, reserved 1048576K
}
Event: 3.924 GC heap after
{Heap after GC invocations=19 (full 0):
 garbage-first heap   total 60416K, used 39224K [0x000000008a800000, 0x0000000100000000)
  region size 1024K, 2 young (2048K), 2 survivors (2048K)
 Metaspace       used 49474K, committed 49792K, reserved 1114112K
  class space    used 5697K, committed 5824K, reserved 1048576K
}
Event: 3.954 GC heap before
{Heap before GC invocations=19 (full 0):
 garbage-first heap   total 60416K, used 50488K [0x000000008a800000, 0x0000000100000000)
  region size 1024K, 14 young (14336K), 2 survivors (2048K)
 Metaspace       used 49485K, committed 49792K, reserved 1114112K
  class space    used 5697K, committed 5824K, reserved 1048576K
}
Event: 3.961 GC heap after
{Heap after GC invocations=20 (full 0):
 garbage-first heap   total 60416K, used 43353K [0x000000008a800000, 0x0000000100000000)
  region size 1024K, 2 young (2048K), 2 survivors (2048K)
 Metaspace       used 49485K, committed 49792K, reserved 1114112K
  class space    used 5697K, committed 5824K, reserved 1048576K
}
Event: 3.992 GC heap before
{Heap before GC invocations=20 (full 0):
 garbage-first heap   total 60416K, used 52569K [0x000000008a800000, 0x0000000100000000)
  region size 1024K, 11 young (11264K), 2 survivors (2048K)
 Metaspace       used 49490K, committed 49792K, reserved 1114112K
  class space    used 5697K, committed 5824K, reserved 1048576K
}
Event: 3.997 GC heap after
{Heap after GC invocations=21 (full 0):
 garbage-first heap   total 60416K, used 47104K [0x000000008a800000, 0x0000000100000000)
  region size 1024K, 2 young (2048K), 2 survivors (2048K)
 Metaspace       used 49490K, committed 49792K, reserved 1114112K
  class space    used 5697K, committed 5824K, reserved 1048576K
}
Event: 4.084 GC heap before
{Heap before GC invocations=22 (full 0):
 garbage-first heap   total 78848K, used 53248K [0x000000008a800000, 0x0000000100000000)
  region size 1024K, 8 young (8192K), 2 survivors (2048K)
 Metaspace       used 49667K, committed 49920K, reserved 1114112K
  class space    used 5719K, committed 5824K, reserved 1048576K
}
Event: 4.090 GC heap after
{Heap after GC invocations=23 (full 0):
 garbage-first heap   total 78848K, used 49516K [0x000000008a800000, 0x0000000100000000)
  region size 1024K, 1 young (1024K), 1 survivors (1024K)
 Metaspace       used 49667K, committed 49920K, reserved 1114112K
  class space    used 5719K, committed 5824K, reserved 1048576K
}
Event: 4.291 GC heap before
{Heap before GC invocations=23 (full 0):
 garbage-first heap   total 78848K, used 64876K [0x000000008a800000, 0x0000000100000000)
  region size 1024K, 16 young (16384K), 1 survivors (1024K)
 Metaspace       used 50570K, committed 50880K, reserved 1114112K
  class space    used 5833K, committed 5952K, reserved 1048576K
}

